System Error.  Code: 2.
Не удается найти указанный файлW:\shared\models\NewSchool\Scripts\45700BFD0251.pas.ms.script
Возможно элемент ME_45EEDB730265 удалён
System Error.  Code: 2.
Не удается найти указанный файлW:\shared\models\NewSchool\Scripts\457450470167.pas.ms.script
Возможно элемент ME_45EEB95901C5 удалён
System Error.  Code: 2.
Не удается найти указанный файлW:\shared\models\NewSchool\Scripts\4570511E038A.pas.ms.script
Возможно элемент ME_45EEB6520208 удалён
System Error.  Code: 2.
Не удается найти указанный файлW:\shared\models\NewSchool\Scripts\45EEA48F011F.pas.ms.script
Возможно элемент ME_4CA499CA03DD удалён
Ошибка компиляции: "Неизвестный тип токена". Тип токена: l3_ttSymbol : ME_45EEB6520191 в строке 1. Файл: . Класс: TkwPushWord. Слово: @
Возможно элемент ME_45EEB6520191 удалён
System Error.  Code: 2.
Не удается найти указанный файлW:\shared\models\NewSchool\Scripts\45EEAA800226.pas.ms.script
Возможно элемент ME_45EEC17501B5 удалён
Ошибка компиляции: "Неизвестный тип токена". Тип токена: l3_ttSymbol : ME_4A9F6C04024D в строке 1. Файл: . Класс: TkwPushWord. Слово: @
Возможно элемент ME_4A9F6C04024D удалён
Ошибка компиляции: "Неизвестный тип токена". Тип токена: l3_ttSymbol : ME_45EEB65202A0 в строке 1. Файл: . Класс: TkwPushWord. Слово: @
Возможно элемент ME_45EEB65202A0 удалён
Ошибка компиляции: "Неизвестный тип токена". Тип токена: l3_ttSymbol : ME_45EEB14402F9 в строке 1. Файл: . Класс: TkwPushWord. Слово: @
Возможно элемент ME_45EEB14402F9 удалён
Ошибка компиляции: "Неизвестный тип токена". Тип токена: l3_ttSymbol : ME_45EEBB5002CE в строке 1. Файл: . Класс: TkwPushWord. Слово: @
Возможно элемент ME_45EEBB5002CE удалён
Ошибка компиляции: "Неизвестный тип токена". Тип токена: l3_ttSymbol : ME_4FEAFCB6035C в строке 1. Файл: . Класс: TkwPushWord. Слово: @
Возможно элемент ME_4FEAFCB6035C удалён
Ошибка компиляции: "Неизвестный тип токена". Тип токена: l3_ttSymbol : ME_47E228F401ED в строке 1. Файл: . Класс: TkwPushWord. Слово: @
Возможно элемент ME_47E228F401ED удалён
System Error.  Code: 2.
Не удается найти указанный файлW:\shared\models\NewSchool\Scripts\4570501E037A.pas.ms.script
Возможно элемент ME_45EED5F0008E удалён
System Error.  Code: 2.
Не удается найти указанный файлW:\shared\models\NewSchool\Scripts\4423F94903C8.pas.ms.script
Возможно элемент ME_431841610361 удалён
Ошибка компиляции: "Неизвестный тип токена". Тип токена: l3_ttSymbol : ME_45EEBA2C02BF в строке 1. Файл: . Класс: TkwPushWord. Слово: @
Возможно элемент ME_45EEBA2C02BF удалён
Ошибка компиляции: "Неизвестный тип токена". Тип токена: l3_ttSymbol : ME_45EEB65202EF в строке 1. Файл: . Класс: TkwPushWord. Слово: @
Возможно элемент ME_45EEB65202EF удалён
Ошибка компиляции: "Неизвестный тип токена". Тип токена: l3_ttSymbol : ME_4D3D28610043 в строке 1. Файл: . Класс: TkwPushWord. Слово: @
Возможно элемент ME_4D3D28610043 удалён
System Error.  Code: 2.
Не удается найти указанный файлW:\shared\models\NewSchool\Scripts\45ED922F00A4.pas.ms.script
Возможно элемент ME_45ED9387018C удалён
Ошибка компиляции: "Неизвестный тип токена". Тип токена: l3_ttSymbol : ME_45EEC3DE0232 в строке 1. Файл: . Класс: TkwPushWord. Слово: @
Возможно элемент ME_45EEC3DE0232 удалён
Ошибка компиляции: "Неизвестный тип токена". Тип токена: l3_ttSymbol : ME_4C5ABDE10145 в строке 1. Файл: . Класс: TkwPushWord. Слово: @
Возможно элемент ME_4C5ABDE10145 удалён
Ошибка компиляции: "Неизвестный тип токена". Тип токена: l3_ttSymbol : ME_4D3D26DC0123 в строке 1. Файл: . Класс: TkwPushWord. Слово: @
Возможно элемент ME_4D3D26DC0123 удалён
Ошибка компиляции: "Неизвестный тип токена". Тип токена: l3_ttSymbol : ME_4D3D272402AE в строке 1. Файл: . Класс: TkwPushWord. Слово: @
Возможно элемент ME_4D3D272402AE удалён
Ошибка компиляции: "Неизвестный тип токена". Тип токена: l3_ttSymbol : ME_4D399FCD0271 в строке 1. Файл: . Класс: TkwPushWord. Слово: @
Возможно элемент ME_4D399FCD0271 удалён
Ошибка компиляции: "Неизвестный тип токена". Тип токена: l3_ttSymbol : ME_4D14817F0147 в строке 1. Файл: . Класс: TkwPushWord. Слово: @
Возможно элемент ME_4D14817F0147 удалён
Ошибка компиляции: "Неизвестный тип токена". Тип токена: l3_ttSymbol : ME_45ED93720286 в строке 1. Файл: . Класс: TkwPushWord. Слово: @
Возможно элемент ME_45ED93720286 удалён
Ошибка компиляции: "Неизвестный тип токена". Тип токена: l3_ttSymbol : ME_45EEDC6F01D7 в строке 1. Файл: . Класс: TkwPushWord. Слово: @
Возможно элемент ME_45EEDC6F01D7 удалён
Ошибка компиляции: "Неизвестный тип токена". Тип токена: l3_ttSymbol : ME_45EED84C01FD в строке 1. Файл: . Класс: TkwPushWord. Слово: @
Возможно элемент ME_45EED84C01FD удалён
System Error.  Code: 2.
Не удается найти указанный файлW:\shared\models\NewSchool\Scripts\457007DB002E.pas.ms.script
Возможно элемент ME_4570098B0159 удалён
Ошибка компиляции: "Неизвестный тип токена". Тип токена: l3_ttSymbol : ME_4570098B015B в строке 1. Файл: . Класс: TkwPushWord. Слово: @
Возможно элемент ME_4570098B015B удалён
System Error.  Code: 2.
Не удается найти указанный файлW:\shared\models\NewSchool\Scripts\456FF1DD031C.pas.ms.script
Возможно элемент ME_45EEE0230002 удалён
Ошибка компиляции: "Неизвестный тип токена". Тип токена: l3_ttSymbol : ME_45EEE0230008 в строке 1. Файл: . Класс: TkwPushWord. Слово: @
Возможно элемент ME_45EEE0230008 удалён
Ошибка компиляции: "Неизвестный тип токена". Тип токена: l3_ttSymbol : ME_4A8A8F640192 в строке 1. Файл: . Класс: TkwPushWord. Слово: @
Возможно элемент ME_4A8A8F640192 удалён
Ошибка компиляции: "Неизвестный тип токена". Тип токена: l3_ttSymbol : ME_45ED932A0044 в строке 1. Файл: . Класс: TkwPushWord. Слово: @
Возможно элемент ME_45ED932A0044 удалён
