[ Target: 53D8DFA400E2 ]
[ [ SourceFile: 47E3DF460095.pas.ms.script Source: 49D245770337 ] [ SourceFile: 47E3DF460095.pas.ms.script Source: 4A2D2D4300BE ] ]
[ Target: 485678B701BD ]
[ [ SourceFile: 47E3DF460095.pas.ms.script Source: 49DE22650362 ] [ SourceFile: 47E3DF460095.pas.ms.script Source: 4A2D2D5D0114 ] [ SourceFile: 47E3DF460095.pas.ms.script Source: 53D8ECF3011C ] [ SourceFile: 47E3DF460095.pas.ms.script Source: 53D8ED6D0117 ] [ SourceFile: 47E3DF460095.pas.ms.script Source: 53D8ED8D007F ] [ SourceFile: 48CE0A0A03B4.pas.ms.script Source: 48CE0B5703B5 ] [ SourceFile: 48CE0A0A03B4.pas.ms.script Source: 53D8EE9F00BC ] [ SourceFile: 48CE0A0A03B4.pas.ms.script Source: 53D8F025001E ] [ SourceFile: 49DCBC09029B.pas.ms.script Source: 53D8EF87005F ] [ SourceFile: 4A3B771101D5.pas.ms.script Source: 49DE393900D3 ] ]
[ Target: 4858137901EF ]
[ [ SourceFile: 47E3DF460095.pas.ms.script Source: 49DF6D240199 ] [ SourceFile: 4804A24003C1.pas.ms.script Source: 4804CBCA0090 ] [ SourceFile: 4A3B771101D5.pas.ms.script Source: 4A3BB0550026 ] ]
[ Target: 48567B940173 ]
[ [ SourceFile: 47E3DF460095.pas.ms.script Source: 49DF6D3F02F9 ] [ SourceFile: 47E3DF460095.pas.ms.script Source: 53D26C750089 ] [ SourceFile: 4A3B771101D5.pas.ms.script Source: 4A3BAB21005A ] ]
[ Target: 48567B6E010E ]
[ [ SourceFile: 47E3DF460095.pas.ms.script Source: 49DF6D540096 ] [ SourceFile: 47E3DF460095.pas.ms.script Source: 53D26C1A026F ] [ SourceFile: 48CE0A0A03B4.pas.ms.script Source: 48D0F828032E ] [ SourceFile: 48CE0A0A03B4.pas.ms.script Source: 53D7D29E0029 ] [ SourceFile: 4A3B771101D5.pas.ms.script Source: 4A3B9AD60266 ] ]
[ Target: 48577C150116 ]
[ [ SourceFile: 47E3DF460095.pas.ms.script Source: 49DF7D98029A ] [ SourceFile: 47E3DF460095.pas.ms.script Source: 53D64B570304 ] [ SourceFile: 47E3DF460095.pas.ms.script Source: 53D78D95037C ] [ SourceFile: 4804A24003C1.pas.ms.script Source: 49DA30D901B6 ] [ SourceFile: 48CE0A0A03B4.pas.ms.script Source: 48D100920185 ] [ SourceFile: 48CE0A0A03B4.pas.ms.script Source: 52F20AED01DF ] [ SourceFile: 48CE0A0A03B4.pas.ms.script Source: 53D78F15032B ] [ SourceFile: 4A267EE3017B.pas.ms.script Source: 4A26AF690296 ] [ SourceFile: 4A3B771101D5.pas.ms.script Source: 4A3F37440382 ] ]
[ Target: 48567BA50307 ]
[ [ SourceFile: 47E3DF460095.pas.ms.script Source: 4B1D20D500C2 ] [ SourceFile: 4804A24003C1.pas.ms.script Source: 480C9D5E01EE ] [ SourceFile: 4A3B771101D5.pas.ms.script Source: 4A3BB09A0147 ] ]
[ Target: 4857D32B011E ]
[ [ SourceFile: 47E3DF460095.pas.ms.script Source: 4DD77A73036E ] [ SourceFile: 47E3DF460095.pas.ms.script Source: 4DD77A940374 ] [ SourceFile: 48CE0A0A03B4.pas.ms.script Source: 48CE2103031C ] [ SourceFile: 49DCC860038B.pas.ms.script Source: 48C7E98600AB ] [ SourceFile: 4A267EE3017B.pas.ms.script Source: 53D0FCB60027 ] [ SourceFile: 4A3A233900C9.pas.ms.script Source: 4ED4C5640359 ] [ SourceFile: 4A3A233900C9.pas.ms.script Source: 53D6758E0352 ] [ SourceFile: 4A3B771101D5.pas.ms.script Source: 4A5D7B82016A ] ]
[ Target: 4857934201E3 ]
[ [ SourceFile: 47E3DF460095.pas.ms.script Source: 53D0F71C02D0 ] [ SourceFile: 4804A24003C1.pas.ms.script Source: 4804CC63006C ] [ SourceFile: 48CE0A0A03B4.pas.ms.script Source: 4D5A9CA80141 ] ]
[ Target: 4858000901EF ]
[ [ SourceFile: 47E3DF460095.pas.ms.script Source: 53D64AF60152 ] [ SourceFile: 47E3DF460095.pas.ms.script Source: 53D64B7400B9 ] [ SourceFile: 4804A24003C1.pas.ms.script Source: 4804CDA403CE ] [ SourceFile: 48CE0A0A03B4.pas.ms.script Source: 48D11BE0015E ] [ SourceFile: 48CE0A0A03B4.pas.ms.script Source: 53D64CA801F6 ] [ SourceFile: 48CE0A0A03B4.pas.ms.script Source: 53D6528E028F ] [ SourceFile: 4A267EE3017B.pas.ms.script Source: 4A27A8C70359 ] ]
[ Target: 48567BD10027 ]
[ [ SourceFile: 4804A24003C1.pas.ms.script Source: 480CA641014D ] [ SourceFile: 4A267EE3017B.pas.ms.script Source: 53D0B0B7034E ] ]
[ Target: 48579EA1011D ]
[ [ SourceFile: 48CE0A0A03B4.pas.ms.script Source: 48CE0B85029C ] [ SourceFile: 48CE0A0A03B4.pas.ms.script Source: 53D780CC0395 ] [ SourceFile: 49DCC860038B.pas.ms.script Source: 49DB5FEF01D8 ] [ SourceFile: 4A267EE3017B.pas.ms.script Source: 4A27B7300174 ] [ SourceFile: 4A3A233900C9.pas.ms.script Source: 4A2D2D6E027B ] [ SourceFile: 4A3A233900C9.pas.ms.script Source: 4A3A444900B3 ] [ SourceFile: 4A3B771101D5.pas.ms.script Source: 4A3F457A0129 ] ]
[ Target: 4857CDBF0197 ]
[ [ SourceFile: 48CE0A0A03B4.pas.ms.script Source: 48CE0CA20003 ] [ SourceFile: 49DCC860038B.pas.ms.script Source: 481D6D3F003F ] [ SourceFile: 4A267EE3017B.pas.ms.script Source: 53D0C0F701B2 ] [ SourceFile: 4A3A233900C9.pas.ms.script Source: 50DACE1F0334 ] [ SourceFile: 4A3A233900C9.pas.ms.script Source: 52E24FBF0273 ] [ SourceFile: 4A3B771101D5.pas.ms.script Source: 4A5D82380323 ] ]
[ Target: 485807480091 ]
[ [ SourceFile: 48CE0A0A03B4.pas.ms.script Source: 4D5963D4032D ] [ SourceFile: 48CE0A0A03B4.pas.ms.script Source: 53D637420240 ] [ SourceFile: 48CE0A0A03B4.pas.ms.script Source: 53D638200108 ] [ SourceFile: 49DCC860038B.pas.ms.script Source: 49DB469F01B8 ] [ SourceFile: 4A267EE3017B.pas.ms.script Source: 4A27B53100B6 ] [ SourceFile: 4A3A233900C9.pas.ms.script Source: 4A40E3070396 ] ]
[ Target: 4857AA550220 ]
[ [ SourceFile: 48CE0A0A03B4.pas.ms.script Source: 4F87E8B50206 ] [ SourceFile: 49DCC860038B.pas.ms.script Source: 49DB1B70013F ] [ SourceFile: 4A267EE3017B.pas.ms.script Source: 4A27B5510171 ] [ SourceFile: 4A3A233900C9.pas.ms.script Source: 4A2D2D8002FF ] [ SourceFile: 4A3A233900C9.pas.ms.script Source: 4A3FA3290296 ] [ SourceFile: 4A3B771101D5.pas.ms.script Source: 4ED8C0B600A4 ] ]
[ Target: 4857E163036B ]
[ [ SourceFile: 48CE0A0A03B4.pas.ms.script Source: 52B2A333009E ] [ SourceFile: 48CE0A0A03B4.pas.ms.script Source: 53D6745E03A8 ] [ SourceFile: 49DCC860038B.pas.ms.script Source: 48C9377502A0 ] [ SourceFile: 4A267EE3017B.pas.ms.script Source: 4D6406760152 ] [ SourceFile: 4A3A233900C9.pas.ms.script Source: 4EF9B84C0137 ] [ SourceFile: 4A3A233900C9.pas.ms.script Source: 5108D3850245 ] [ SourceFile: 4A3B771101D5.pas.ms.script Source: 4F1EC738000E ] ]
[ Target: 4857C9F90189 ]
[ [ SourceFile: 48CE0A0A03B4.pas.ms.script Source: 53D2466F00E5 ] [ SourceFile: 49DCC860038B.pas.ms.script Source: 49DB2E390053 ] [ SourceFile: 4A267EE3017B.pas.ms.script Source: 53D247570237 ] [ SourceFile: 4A3A233900C9.pas.ms.script Source: 4A40EB120375 ] [ SourceFile: 4A3A233900C9.pas.ms.script Source: 53D245DF0285 ] ]
[ Target: 4857B637007C ]
[ [ SourceFile: 48CE0A0A03B4.pas.ms.script Source: 53D26DA30178 ] [ SourceFile: 48CE0A0A03B4.pas.ms.script Source: 53D26E830045 ] [ SourceFile: 49DCC860038B.pas.ms.script Source: 49DA417B010F ] [ SourceFile: 4A267EE3017B.pas.ms.script Source: 4E6E37D90203 ] [ SourceFile: 4A3A233900C9.pas.ms.script Source: 4A2D2DA90232 ] [ SourceFile: 4A3A233900C9.pas.ms.script Source: 4A4C8EC4019F ] ]
[ Target: 4857EAD30281 ]
[ [ SourceFile: 48CE0A0A03B4.pas.ms.script Source: 53D668DE0251 ] [ SourceFile: 49DCC860038B.pas.ms.script Source: 50D3F54E00A8 ] [ SourceFile: 4A267EE3017B.pas.ms.script Source: 53D668610126 ] ]
[ Target: 4ABC7EA00088 ]
[ [ SourceFile: 48F747EC0073.pas.ms.script Source: 4DCA54B9020D ] ]
[ Target: 490C47C70210 ]
[ [ SourceFile: 48F747EC0073.pas.ms.script Source: 4DCA54B9020D ] ]
[ Target: 4AA8E47C0065 ]
[ [ SourceFile: 49480CD20303.pas.ms.script Source: 1E34DCC9548E ] ]
[ Target: 4AA8E3E20024 ]
[ [ SourceFile: 49480CD20303.pas.ms.script Source: 36BFF123C1B4 ] ]
[ Target: 4AA8E4F1002A ]
[ [ SourceFile: 49480CD20303.pas.ms.script Source: 460F76F86341 ] ]
[ Target: 4AA8E4CD0348 ]
[ [ SourceFile: 49480CD20303.pas.ms.script Source: 4A5C120B9AE0 ] ]
[ Target: 4AA8E45C00A8 ]
[ [ SourceFile: 49480CD20303.pas.ms.script Source: 551DFEBFD5FA ] ]
[ Target: 4AA8E405032A ]
[ [ SourceFile: 49480CD20303.pas.ms.script Source: E4B761B3FD9F ] ]
[ Target: 4AB1359700D9 ]
[ [ SourceFile: 4951181B02B6.pas.ms.script Source: 0D4815BAE705 ] ]
[ Target: 4AB1357D0253 ]
[ [ SourceFile: 4951181B02B6.pas.ms.script Source: 312806286B17 ] ]
[ Target: 4EA58A3903B4 ]
[ [ SourceFile: 4951181B02B6.pas.ms.script Source: 32B9B7EBE1E4 ] ]
[ Target: 4A9D51C4026F ]
[ [ SourceFile: 4951181B02B6.pas.ms.script Source: 39D904AB57B9 ] ]
[ Target: 4EE223D80391 ]
[ [ SourceFile: 4951181B02B6.pas.ms.script Source: 3C62EDF0B841 ] ]
[ Target: 4AB12FA70146 ]
[ [ SourceFile: 4951181B02B6.pas.ms.script Source: 44AABA98B261 ] ]
[ Target: 4989E67D00C0 ]
[ [ SourceFile: 4951181B02B6.pas.ms.script Source: 4C6122277F87 ] ]
[ Target: 49539DBA029D ]
[ [ SourceFile: 4951181B02B6.pas.ms.script Source: 571A211F0239 ] ]
[ Target: 4EF47F2E0348 ]
[ [ SourceFile: 4951181B02B6.pas.ms.script Source: 594C197976C3 ] ]
[ Target: 4EF47F5A02F7 ]
[ [ SourceFile: 4951181B02B6.pas.ms.script Source: 8A4E6ECFFC7B ] ]
[ Target: 4A7709C70002 ]
[ [ SourceFile: 4951181B02B6.pas.ms.script Source: A1D2CA8370DB ] ]
[ Target: 4AAFCF930362 ]
[ [ SourceFile: 4951181B02B6.pas.ms.script Source: A28EB2B768F3 ] ]
[ Target: 4AB13348028C ]
[ [ SourceFile: 4951181B02B6.pas.ms.script Source: A40358DFC617 ] ]
[ Target: 4AB1355B01EA ]
[ [ SourceFile: 4951181B02B6.pas.ms.script Source: AC8C0D7A6291 ] ]
[ Target: 4A8EE2890012 ]
[ [ SourceFile: 4951181B02B6.pas.ms.script Source: B7646B5A91F5 ] ]
[ Target: 4EE22F340060 ]
[ [ SourceFile: 4951181B02B6.pas.ms.script Source: DE0052063257 ] ]
[ Target: 4AB135BD01C2 ]
[ [ SourceFile: 4951181B02B6.pas.ms.script Source: F86C24CC18D1 ] ]
[ Target: 56FA87D80010 ]
[ [ SourceFile: 4958DD470101.pas.ms.script Source: 483B68B1ABBB ] ]
[ Target: 4AA7A1F80027 ]
[ [ SourceFile: 4958DD470101.pas.ms.script Source: 571E23FB01C3 ] ]
[ Target: 4ABB949D005E ]
[ [ SourceFile: 4958DD470101.pas.ms.script Source: 867969A10DF8 ] ]
[ Target: 4AAF86650309 ]
[ [ SourceFile: 4958E382019E.pas.ms.script Source: 0BBFEB6E713F ] ]
[ Target: 4AAF8EAC01FC ]
[ [ SourceFile: 4958E382019E.pas.ms.script Source: 1127EF0E219F ] ]
[ Target: 497EBA4301CA ]
[ [ SourceFile: 4958E382019E.pas.ms.script Source: 571A23EE0196 ] ]
[ Target: 4AA931BF023D ]
[ [ SourceFile: 4958E382019E.pas.ms.script Source: CEA950D49586 ] ]
[ Target: 4AA9393C0164 ]
[ [ SourceFile: 4958E382019E.pas.ms.script Source: ED7E2BA7F4EF ] ]
[ Target: 4AAF6F8100DB ]
[ [ SourceFile: 4958E382019E.pas.ms.script Source: EF7E3D9D8F7D ] ]
[ Target: 4AB9E67A00A7 ]
[ [ SourceFile: 4958E49A023A.pas.ms.script Source: 38469909CBE6 ] ]
[ Target: 4AB9E6D40211 ]
[ [ SourceFile: 4958E49A023A.pas.ms.script Source: 5F5E4EB27C9F ] ]
[ Target: 4AB9E69C0243 ]
[ [ SourceFile: 4958E49A023A.pas.ms.script Source: B4F9156C4FAE ] ]
[ Target: 4D7A6A2E00F7 ]
[ [ SourceFile: 4979D3B10102.pas.ms.script Source: 569AACBD24E7 ] ]
[ Target: 4A9CEA5001CF ]
[ [ SourceFile: 4979D3B10102.pas.ms.script Source: AFB2BEF3C662 ] ]
[ Target: 4ABBB22002AA ]
[ [ SourceFile: 4979D3B10102.pas.ms.script Source: B862EAF3C351 ] ]
[ Target: 4ABCD29401B2 ]
[ [ SourceFile: 497DCBF8017B.pas.ms.script Source: 1ED005CF8083 ] ]
[ Target: 4ABCD261014B ]
[ [ SourceFile: 497DCBF8017B.pas.ms.script Source: 9910530E861F ] ]
[ Target: 4A97D83003AE ]
[ [ SourceFile: 497DCBF8017B.pas.ms.script Source: CEAC79654954 ] ]
[ Target: 4ABCD2AB00C5 ]
[ [ SourceFile: 497DCBF8017B.pas.ms.script Source: F42993E6E810 ] ]
[ Target: 4A8921960298 ]
[ [ SourceFile: 497DDB0A0168.pas.ms.script Source: 0F9EB2C7D445 ] ]
[ Target: 4C46AA3401DB ]
[ [ SourceFile: 497DDB0A0168.pas.ms.script Source: 5130D80002C1 ] ]
[ Target: 4A9BF56C0166 ]
[ [ SourceFile: 497DDB0A0168.pas.ms.script Source: 67BD224FB2E7 ] ]
[ Target: 4AA0CE0E02C4 ]
[ [ SourceFile: 497DDB0A0168.pas.ms.script Source: F05ED964BBD9 ] ]
[ Target: 4E36959002CA ]
[ [ SourceFile: 497DDB0A0168.pas.ms.script Source: FF111F2E9A9B ] ]
[ Target: 4ABB7ACB00E7 ]
[ [ SourceFile: 497ED74F0032.pas.ms.script Source: 10DC24E559DA ] ]
[ Target: 4A93FB8C0121 ]
[ [ SourceFile: 497ED74F0032.pas.ms.script Source: 145DA8D181DD ] ]
[ Target: 4ABBB23903D8 ]
[ [ SourceFile: 497ED74F0032.pas.ms.script Source: 3ADD81F1E403 ] ]
[ Target: 4ABBAC4D02D9 ]
[ [ SourceFile: 497ED74F0032.pas.ms.script Source: 7508C2F22B0F ] ]
[ Target: 4ABB6F3F001B ]
[ [ SourceFile: 497ED74F0032.pas.ms.script Source: 7A2FEC0CB105 ] ]
[ Target: 4A93EC78039E ]
[ [ SourceFile: 497ED74F0032.pas.ms.script Source: 9CB0E0285619 ] ]
[ Target: 4AB135AC01DE ]
[ [ SourceFile: 497ED74F0032.pas.ms.script Source: DDD2ACFF7489 ] ]
[ Target: 4A93F1CC01A8 ]
[ [ SourceFile: 497ED74F0032.pas.ms.script Source: F2E44CE2B086 ] ]
[ Target: 4ABB769903BF ]
[ [ SourceFile: 497ED74F0032.pas.ms.script Source: FD9964108640 ] ]
[ Target: 4857E36301AD ]
[ [ SourceFile: 49DCC860038B.pas.ms.script Source: 48C9390D0155 ] ]
[ Target: 4857D1860221 ]
[ [ SourceFile: 49DCC860038B.pas.ms.script Source: 49DA43AA01B9 ] ]
[ Target: 4D63C1860228 ]
[ [ SourceFile: 49DCC860038B.pas.ms.script Source: 4D63C57601A4 ] [ SourceFile: 4A267EE3017B.pas.ms.script Source: 4D64068D027B ] ]
[ Target: 49EC74D002B8 ]
[ [ SourceFile: 49EC7167004C.pas.ms.script Source: A85B3F2265CC ] ]
[ Target: 4857EA320141 ]
[ [ SourceFile: 4A267EE3017B.pas.ms.script Source: 53D0C1380262 ] [ SourceFile: 4A3A233900C9.pas.ms.script Source: 53D0BFE802C7 ] ]
[ Target: 4857D3F1028D ]
[ [ SourceFile: 4A267EE3017B.pas.ms.script Source: 53D0FD000009 ] [ SourceFile: 4A3A233900C9.pas.ms.script Source: 4ED4C58100B1 ] ]
[ Target: 4857E8F003A2 ]
[ [ SourceFile: 4A3A233900C9.pas.ms.script Source: 4BFFD963014E ] ]
[ Target: 4D6E6BA90279 ]
[ [ SourceFile: 4A3B771101D5.pas.ms.script Source: 4D6E6C6501F9 ] ]
[ Target: 4A6971E802F5 ]
[ [ SourceFile: 4A66D6BF0190.pas.ms.script Source: 7B1A97167D7A ] ]
[ Target: 4A6971D00157 ]
[ [ SourceFile: 4A66D6BF0190.pas.ms.script Source: B87F040AE285 ] ]
[ Target: 4A6EA397035D ]
[ [ SourceFile: 4A66D6BF0190.pas.ms.script Source: ECA7A33045CC ] ]
[ Target: 4A6EBE900233 ]
[ [ SourceFile: 4A6D5A220389.pas.ms.script Source: 571A22D2007A ] ]
[ Target: 4A6EC062005F ]
[ [ SourceFile: 4A6D5A220389.pas.ms.script Source: 9CC267C74F98 ] ]
[ Target: 4A6EC095039C ]
[ [ SourceFile: 4A6D5A220389.pas.ms.script Source: D5B3150A2046 ] ]
[ Target: 4A6EC02E00EA ]
[ [ SourceFile: 4A6D5A220389.pas.ms.script Source: F9E3D0387991 ] ]
[ Target: 4A811C620210 ]
[ [ SourceFile: 4A811BCC031F.pas.ms.script Source: B772BF700C99 ] ]
[ Target: 4AAF51FC0061 ]
[ [ SourceFile: 4A85282C0252.pas.ms.script Source: 2F60CBABB288 ] ]
[ Target: 4AAF487F03BC ]
[ [ SourceFile: 4A85282C0252.pas.ms.script Source: 6CF70A33ED1E ] ]
[ Target: 4AAF4F89035C ]
[ [ SourceFile: 4A85282C0252.pas.ms.script Source: D0D36137E819 ] ]
[ Target: 4A93D829005C ]
[ [ SourceFile: 4A924BCA0092.pas.ms.script Source: 510171698247 ] ]
[ Target: 4A93DDCC03E3 ]
[ [ SourceFile: 4A924BCA0092.pas.ms.script Source: 58B650A73C2C ] ]
[ Target: 4A8EC8950152 ]
[ [ SourceFile: 4A924BCA0092.pas.ms.script Source: 7FB5E199E37C ] ]
[ Target: 4AA7E32D0252 ]
[ [ SourceFile: 4A924BCA0092.pas.ms.script Source: 9B1AA5731794 ] ]
[ Target: 497EBEC4031D ]
[ [ SourceFile: 4A92D644009B.pas.ms.script Source: 571A26F2006C ] ]
[ Target: 4A8ECFCD0174 ]
[ [ SourceFile: 4A92D644009B.pas.ms.script Source: 7F393F8A2EA8 ] ]
[ Target: 4AB9DA410090 ]
[ [ SourceFile: 4AA0D52202F3.pas.ms.script Source: C5E828E25C39 ] ]
[ Target: 4F7C3C0B035C ]
[ [ SourceFile: 4AA5181600DC.pas.ms.script Source: 437C54D5FFBC ] ]
[ Target: 4AB8D5F8025F ]
[ [ SourceFile: 4AA6418F02AD.pas.ms.script Source: 22753380676D ] ]
[ Target: 4AA641A3036C ]
[ [ SourceFile: 4AA6418F02AD.pas.ms.script Source: 571A254F038A ] ]
[ Target: 4AB8CAF1009C ]
[ [ SourceFile: 4AA6418F02AD.pas.ms.script Source: 9C20258F4DBF ] ]
[ Target: 4AB8D885020F ]
[ [ SourceFile: 4AA6418F02AD.pas.ms.script Source: BAC7C7067E9E ] ]
[ Target: 4AA68CCA0001 ]
[ [ SourceFile: 4AA66B460175.pas.ms.script Source: CD4750B31BB5 ] ]
[ Target: 4ABA14480078 ]
[ [ SourceFile: 4AA79F630309.pas.ms.script Source: 2C3728225FEF ] ]
[ Target: 4ABA142401CA ]
[ [ SourceFile: 4AA79F630309.pas.ms.script Source: 38F1EB29E8C9 ] ]
[ Target: 4ABA14A4011C ]
[ [ SourceFile: 4AA79F630309.pas.ms.script Source: 509C799A0733 ] ]
[ Target: 4BD7279101C5 ]
[ [ SourceFile: 4AA79F630309.pas.ms.script Source: 571A2878000D ] ]
[ Target: 4ABA14800365 ]
[ [ SourceFile: 4AA79F630309.pas.ms.script Source: 62CEA735C6AD ] ]
[ Target: 4ABA143303B0 ]
[ [ SourceFile: 4AA79F630309.pas.ms.script Source: 65D9C15E254B ] ]
[ Target: 4ABA146F00D4 ]
[ [ SourceFile: 4AA79F630309.pas.ms.script Source: 785A17B4ECDE ] ]
[ Target: 4B5430AC0306 ]
[ [ SourceFile: 4AA79F630309.pas.ms.script Source: B9B183D3AE2D ] ]
[ Target: 4F882096008A ]
[ [ SourceFile: 4AA7E9B9016C.pas.ms.script Source: 88265B7C3032 ] ]
[ Target: 4F7C2E78015C ]
[ [ SourceFile: 4AA9032A002B.pas.ms.script Source: ED33546FFF82 ] ]
[ Target: 4AAFA16202D3 ]
[ [ SourceFile: 4AA9196700EB.pas.ms.script Source: 1C12379D921C ] ]
[ Target: 4AB8D1DB01FD ]
[ [ SourceFile: 4ABCFB650008.pas.ms.script Source: 18755A78D1B1 ] ]
[ Target: 497EDC5003D1 ]
[ [ SourceFile: 4ABCFB650008.pas.ms.script Source: 571A296801DD ] ]
[ Target: 4BCE9D210265 ]
[ [ SourceFile: 4B30C72000B3.pas.ms.script Source: 0494F2189245 ] ]
[ Target: 4B30C7E800EE ]
[ [ SourceFile: 4B30C72000B3.pas.ms.script Source: C4540386893A ] ]
[ Target: 4D6CB4B7035F ]
[ [ SourceFile: 4B30C72000B3.pas.ms.script Source: CF5BE49179EF ] ]
[ Target: 4CA090120212 ]
[ [ SourceFile: 4B30C72000B3.pas.ms.script Source: E7D4D96CE8D4 ] ]
[ Target: 4C9B31190392 ]
[ [ SourceFile: 4B30C72000B3.pas.ms.script Source: FD7B4F4B69EA ] ]
[ Target: 4C8E4D4F027D ]
[ [ SourceFile: 4C8DD8B8006C.pas.ms.script Source: 4D0A6F43B618 ] ]
[ Target: 4C8E42D40131 ]
[ [ SourceFile: 4C8E33F40186.pas.ms.script Source: E027F36407CE ] ]
[ Target: 4D7A458300CB ]
[ [ SourceFile: 4CC97BDA02DF.pas.ms.script Source: D11A48145DCC ] ]
[ Target: 4CF4BE9C035F ]
[ [ SourceFile: 4CC97BDA02DF.pas.ms.script Source: FBDBFE5A21AC ] ]
[ Target: 4AB7A34401D0 ]
[ [ SourceFile: 4CC97BDA02DF.pas.ms.script Source: FF8F1CA57FA2 ] ]
[ Target: 4ABCD2BC0302 ]
[ [ SourceFile: 4CCAA9D8007E.pas.ms.script Source: 19A54BCEF2DC ] ]
[ Target: 497DCC17001C ]
[ [ SourceFile: 4CCAA9D8007E.pas.ms.script Source: 53B533CE01B6 ] [ SourceFile: 4CCAA9D8007E.pas.ms.script Source: 571E1AF302D6 ] ]
[ Target: 4CB6DBE6009F ]
[ [ SourceFile: 4CCAA9D8007E.pas.ms.script Source: 546F4B05C2D7 ] ]
[ Target: 4ABCD2D80364 ]
[ [ SourceFile: 4CCAC702007E.pas.ms.script Source: F4128D86DA56 ] ]
[ Target: 4D4697F30281 ]
[ [ SourceFile: 4D469729019F.pas.ms.script Source: AF4AF7ED74A4 ] ]
[ Target: 550C25D70182 ]
[ [ SourceFile: 4DAEEA14018A.pas.ms.script Source: 4F21976E01C2 ] [ SourceFile: 4DAEEA14018A.pas.ms.script Source: 4F2198430108 ] [ SourceFile: 5284E8850019.pas.ms.script Source: 5284E9510053 ] ]
[ Target: 4F21976E01C2 ]
[ [ SourceFile: 4DAEEA14018A.pas.ms.script Source: 559428430078 ] ]
[ Target: 4F216D8D01A0 ]
[ [ SourceFile: 4DAEEA14018A.pas.ms.script Source: 5673E7B00334 ] [ SourceFile: 4DAEEA14018A.pas.ms.script Source: 567ACC1F028D ] ]
[ Target: 567ACBF70376 ]
[ [ SourceFile: 4DAEEA14018A.pas.ms.script Source: 567ACC1F028D ] ]
[ Target: 4DAEEA9E0049 ]
[ [ SourceFile: 4DAEEA14018A.pas.ms.script Source: 56F556230193 ] ]
[ Target: 52C15D690329 ]
[ [ SourceFile: 4DAF19F600C5.pas.ms.script Source: 4DAEED140007 ] ]
[ Target: 55BF154E022D ]
[ [ SourceFile: 4DAF19F600C5.pas.ms.script Source: 4DCC12FC0125 ] [ SourceFile: 4DAF19F600C5.pas.ms.script Source: 4F4E4E7101D6 ] [ SourceFile: 55BA28CE0290.pas.ms.script Source: 55153C2C036F ] ]
[ Target: 55BF2B000047 ]
[ [ SourceFile: 4DAF19F600C5.pas.ms.script Source: 4F4E4E7101D6 ] [ SourceFile: 4F37B7E60283.pas.ms.script Source: 55C3714E020D ] [ SourceFile: 55BA28CE0290.pas.ms.script Source: 55153C2C036F ] ]
[ Target: 4A8199550084 ]
[ [ SourceFile: 4DB01D120026.pas.ms.script Source: 4DAF061B02B8 ] ]
[ Target: 4DDCD6800267 ]
[ [ SourceFile: 4DDBAF0A0029.pas.ms.script Source: B796AE5D8508 ] ]
[ Target: 4DFB4B01001D ]
[ [ SourceFile: 4DE629810132.pas.ms.script Source: 55B664E00149 ] ]
[ Target: 4AD5DBBD0147 ]
[ [ SourceFile: 4E200FED0213.pas.ms.script Source: 4DDBBDB00019 ] [ SourceFile: 4E200FED0213.pas.ms.script Source: 52A73D1701B9 ] ]
[ Target: 46780DA40383 ]
[ [ SourceFile: 4ED7958E0045.pas.ms.script Source: 55682D8F01C7 ] ]
[ Target: 4DAEF23D00EE ]
[ [ SourceFile: 4F2275C00012.pas.ms.script Source: 4F4BB70D0144 ] [ SourceFile: 4F37B7E60283.pas.ms.script Source: 55895F0A01BF ] ]
[ Target: 4DAEED140007 ]
[ [ SourceFile: 4F37B7E60283.pas.ms.script Source: 550C25D70182 ] [ SourceFile: 4F3E3F5F0160.pas.ms.script Source: 508528D10384 ] [ SourceFile: 4F43A0A401E6.pas.ms.script Source: 4F43A128007E ] [ SourceFile: 4F4FD6CC0295.pas.ms.script Source: 4F4FD7EA00EB ] [ SourceFile: 4F50310E03D7.pas.ms.script Source: 4F50313101D1 ] [ SourceFile: 4F5EF98801D0.pas.ms.script Source: 4F5EFA23015A ] ]
[ Target: 4DB00A510300 ]
[ [ SourceFile: 4F37B7E60283.pas.ms.script Source: 550C4C8701B4 ] [ SourceFile: 4F43A0A401E6.pas.ms.script Source: 5512AB3401E0 ] ]
[ Target: 4DC95E96023B ]
[ [ SourceFile: 4F37B7E60283.pas.ms.script Source: 55895EA203B9 ] ]
[ Target: 4DB6E2EE0259 ]
[ [ SourceFile: 4F37B7E60283.pas.ms.script Source: 559BDDE30092 ] ]
[ Target: 559D504A0081 ]
[ [ SourceFile: 4F37B7E60283.pas.ms.script Source: 55C3729D0212 ] ]
[ Target: 567A8D710267 ]
[ [ SourceFile: 4F37B7E60283.pas.ms.script Source: 567A8EB00176 ] ]
[ Target: 4F4BB70D0144 ]
[ [ SourceFile: 4F3E3F5F0160.pas.ms.script Source: 508528D10384 ] [ SourceFile: 54F079B5035C.pas.ms.script Source: 4F4BC6DB02F4 ] ]
[ Target: 52EF723E02D9 ]
[ [ SourceFile: 4F43A0A401E6.pas.ms.script Source: 559BC65F0292 ] ]
[ Target: 5576DB30036A ]
[ [ SourceFile: 4F43A0A401E6.pas.ms.script Source: 559BC67C0005 ] ]
[ Target: 559D5D4400D3 ]
[ [ SourceFile: 4F43A0A401E6.pas.ms.script Source: 559BCED301F0 ] ]
[ Target: 4DB008DD01BD ]
[ [ SourceFile: 4F43A0A401E6.pas.ms.script Source: 559BD7E00278 ] ]
[ Target: 559E8B2E0385 ]
[ [ SourceFile: 4F43A0A401E6.pas.ms.script Source: 55AE5A8C035D ] ]
[ Target: 4DAEECD90016 ]
[ [ SourceFile: 4F43A0A401E6.pas.ms.script Source: 55E727F40334 ] ]
[ Target: 55A0005D02CC ]
[ [ SourceFile: 4F43A0A401E6.pas.ms.script Source: 55ED48FA02A9 ] ]
[ Target: 4B28D63A00EC ]
[ [ SourceFile: 4F4CB50403CC.pas.ms.script Source: 4F4CB68801E0 ] [ SourceFile: 4F954EC9038E.pas.ms.script Source: 4F954F670262 ] [ SourceFile: 54EDDC8A013D.pas.ms.script Source: 54EDDCAC016A ] [ SourceFile: 54EDDF000377.pas.ms.script Source: 54EDDF9700B3 ] ]
[ Target: 4829D92A037B ]
[ [ SourceFile: 4F4CB50403CC.pas.ms.script Source: 4F4CB68801E0 ] ]
[ Target: 55B780E60398 ]
[ [ SourceFile: 4F4CB50403CC.pas.ms.script Source: 55B782940096 ] [ SourceFile: 54EC8C220105.pas.ms.script Source: 54EC8C7C011E ] ]
[ Target: 4829D89703D2 ]
[ [ SourceFile: 4F4CB50403CC.pas.ms.script Source: 55E46D4F03AE ] ]
[ Target: 48E38399034C ]
[ [ SourceFile: 4F4CB50403CC.pas.ms.script Source: 55E5A40600C8 ] ]
[ Target: 4BBC910E0391 ]
[ [ SourceFile: 4F4CB50403CC.pas.ms.script Source: 55E5A6200262 ] ]
[ Target: 4F0C0B870141 ]
[ [ SourceFile: 4F6094D80196.pas.ms.script Source: 4F6096D500C3 ] ]
[ Target: 4E15A00502A3 ]
[ [ SourceFile: 4F6094D80196.pas.ms.script Source: 552E3E7E023A ] ]
[ Target: 53F7021D0257 ]
[ [ SourceFile: 4F6094D80196.pas.ms.script Source: 552E403E0038 ] ]
[ Target: 4C52C0600246 ]
[ [ SourceFile: 4F6094D80196.pas.ms.script Source: 552E413F010E ] ]
[ Target: 515062D301C4 ]
[ [ SourceFile: 4F6094D80196.pas.ms.script Source: 552E47C10290 ] ]
[ Target: 4E36C0C3014B ]
[ [ SourceFile: 4F6094D80196.pas.ms.script Source: 552E49070307 ] ]
[ Target: 528A0B9E02C7 ]
[ [ SourceFile: 4F6195640184.pas.ms.script Source: 553109700297 ] ]
[ Target: 48E22669037D ]
[ [ SourceFile: 4F6994E701CB.pas.ms.script Source: 4F6995330222 ] ]
[ Target: 52A1F4A201F9 ]
[ [ SourceFile: 4F69B9040391.pas.ms.script Source: 4F69B966010B ] ]
[ Target: 47E1201703C3 ]
[ [ SourceFile: 4F69DF560034.pas.ms.script Source: 4F69DF91037E ] [ SourceFile: 54F5C45E00B2.pas.ms.script Source: 54F5C4B203BD ] ]
[ Target: 4F6AEAE5007B ]
[ [ SourceFile: 4F6AE4780149.pas.ms.script Source: 8E2928F6F277 ] ]
[ Target: 4F6B66CB0200 ]
[ [ SourceFile: 4F6B66140294.pas.ms.script Source: A7368FD6A294 ] ]
[ Target: 4F6B66DB0384 ]
[ [ SourceFile: 4F6B66140294.pas.ms.script Source: D1FA54869B3C ] ]
[ Target: 4AA7EA010274 ]
[ [ SourceFile: 4F7D7B980383.pas.ms.script Source: 293F188416C6 ] ]
[ Target: 47E7ABCB0296 ]
[ [ SourceFile: 4FC728CE033A.pas.ms.script Source: 4FC7292F02EA ] ]
[ Target: 4FF2E95602D8 ]
[ [ SourceFile: 4FF2E5B80387.pas.ms.script Source: 07370DEE1C91 ] ]
[ Target: 4FF4543F014A ]
[ [ SourceFile: 4FF2E5B80387.pas.ms.script Source: 5C766280436C ] ]
[ Target: 4CFFBEEA0109 ]
[ [ SourceFile: 503F8FD000A1.pas.ms.script Source: 503F914E00EF ] ]
[ Target: 47ECAA5B0394 ]
[ [ SourceFile: 505AD9C20338.pas.ms.script Source: 505AFAF6026B ] ]
[ Target: 4678160E01BE ]
[ [ SourceFile: 505AD9C20338.pas.ms.script Source: 505AFAF6026B ] ]
[ Target: 4E15A08E030D ]
[ [ SourceFile: 505C848E02D6.pas.ms.script Source: 505C855C024A ] ]
[ Target: 503DE6F30027 ]
[ [ SourceFile: 505C848E02D6.pas.ms.script Source: 54DB6FD1016A ] ]
[ Target: 4CFCF4840379 ]
[ [ SourceFile: 506AC2F00283.pas.ms.script Source: 506AC306014F ] ]
[ Target: 4D49562A01B7 ]
[ [ SourceFile: 506AC2F00283.pas.ms.script Source: 506AC306014F ] ]
[ Target: 4D3D71CE0254 ]
[ [ SourceFile: 506AC2F00283.pas.ms.script Source: 551D4B5B02FF ] ]
[ Target: 484529DC0276 ]
[ [ SourceFile: 50741A080229.pas.ms.script Source: 50741A1F028C ] [ SourceFile: 50741A080229.pas.ms.script Source: 553252BF022D ] ]
[ Target: 4952591E0263 ]
[ [ SourceFile: 50741A080229.pas.ms.script Source: 50741A1F028C ] ]
[ Target: 47E76278025E ]
[ [ SourceFile: 50741A080229.pas.ms.script Source: 55B8E4140349 ] ]
[ Target: 4EF32DDB0235 ]
[ [ SourceFile: 50741A080229.pas.ms.script Source: 55B8E44302B1 ] ]
[ Target: 4807745602C8 ]
[ [ SourceFile: 5076977D0064.pas.ms.script Source: 507698410297 ] ]
[ Target: 4D3424C203C2 ]
[ [ SourceFile: 510134290310.pas.ms.script Source: 5101345E0143 ] ]
[ Target: 5146CA34003E ]
[ [ SourceFile: 512D9BBE0307.pas.ms.script Source: 55B665AE01A8 ] ]
[ Target: 512F402F01BA ]
[ [ SourceFile: 512F475600DF.pas.ms.script Source: 512F47C80388 ] ]
[ Target: 512F3FCB02F3 ]
[ [ SourceFile: 512F475600DF.pas.ms.script Source: 55C9CBB10045 ] ]
[ Target: 4DA30F0F02C1 ]
[ [ SourceFile: 51304A0E0192.pas.ms.script Source: 51304A1F02AD ] ]
[ Target: 4B2F420202F4 ]
[ [ SourceFile: 51304A0E0192.pas.ms.script Source: 55C9F202036D ] ]
[ Target: 4F86C0140332 ]
[ [ SourceFile: 51360760006C.pas.ms.script Source: 5135EFD80062 ] ]
[ Target: 46A60B17028B ]
[ [ SourceFile: 5190B06F00C1.pas.ms.script Source: 5190B264037C ] ]
[ Target: 51D534260378 ]
[ [ SourceFile: 51D533840334.pas.ms.script Source: 0DCE11DEABEB ] ]
[ Target: 547DC47400EC ]
[ [ SourceFile: 52D643A301A9.pas.ms.script Source: 52D643FE004B ] ]
[ Target: 547DB364031F ]
[ [ SourceFile: 52D643A301A9.pas.ms.script Source: 52D643FE004B ] ]
[ Target: 4ACDBC6101A6 ]
[ [ SourceFile: 52E20E0E0059.pas.ms.script Source: 52E20EB3004D ] ]
[ Target: 53319C7502F4 ]
[ [ SourceFile: 534FA97F003E.pas.ms.script Source: 534FA99B02BB ] ]
[ Target: 532973740186 ]
[ [ SourceFile: 534FA97F003E.pas.ms.script Source: 534FA99B02BB ] ]
[ Target: 532322D901A3 ]
[ [ SourceFile: 534FA97F003E.pas.ms.script Source: 550057160010 ] ]
[ Target: 476BF22B03E1 ]
[ [ SourceFile: 53B52E99013D.pas.ms.script Source: 53B532DE0203 ] ]
[ Target: 537DFE740339 ]
[ [ SourceFile: 53C51B390355.pas.ms.script Source: 53AC018900AE ] ]
[ Target: 508528D10384 ]
[ [ SourceFile: 53C7C3100231.pas.ms.script Source: 53C7E84E012D ] [ SourceFile: 5527F81C020E.pas.ms.script Source: 5527F8330362 ] ]
[ Target: 54BE514101E5 ]
[ [ SourceFile: 54BE4A3A005B.pas.ms.script Source: 54BE4A4902B9 ] [ SourceFile: 54BE4A3A005B.pas.ms.script Source: 54BE505F0038 ] ]
[ Target: 54BE51580257 ]
[ [ SourceFile: 54BE4A3A005B.pas.ms.script Source: 54BE50B902CB ] [ SourceFile: 54BE4A3A005B.pas.ms.script Source: 54BE50DC0032 ] ]
[ Target: 4F22CB1E0009 ]
[ [ SourceFile: 54DCB32F019F.pas.ms.script Source: 54DCB28C0273 ] ]
[ Target: 49525B34022A ]
[ [ SourceFile: 54DCB32F019F.pas.ms.script Source: 54DCB28C0273 ] ]
[ Target: 552BADA90096 ]
[ [ SourceFile: 54DCB32F019F.pas.ms.script Source: 552BAE9B027D ] ]
[ Target: 4E732D8B0291 ]
[ [ SourceFile: 54EC6430005C.pas.ms.script Source: 54E5FA20024D ] ]
[ Target: 50C6241B0355 ]
[ [ SourceFile: 54EC8A3E0397.pas.ms.script Source: 54EC8A6F01D7 ] ]
[ Target: 483158FD0155 ]
[ [ SourceFile: 54EC8C220105.pas.ms.script Source: 54EC8C7C011E ] ]
[ Target: 5049DA2A035D ]
[ [ SourceFile: 54EC8C220105.pas.ms.script Source: 54EC8C7C011E ] ]
[ Target: 4981A4AE0282 ]
[ [ SourceFile: 54EC8EE003AB.pas.ms.script Source: 54EC8F930357 ] ]
[ Target: 47C520D80305 ]
[ [ SourceFile: 54EDDF000377.pas.ms.script Source: 54EDDF9700B3 ] ]
[ Target: 468259900322 ]
[ [ SourceFile: 54EF44350184.pas.ms.script Source: 54EF449A0213 ] ]
[ Target: 479878FA0103 ]
[ [ SourceFile: 54F452F40012.pas.ms.script Source: 54F452710048 ] ]
[ Target: 5034B74700CF ]
[ [ SourceFile: 54F58741022C.pas.ms.script Source: 54F58770000F ] ]
[ Target: 47E124E90272 ]
[ [ SourceFile: 54F58741022C.pas.ms.script Source: 54F5881101AC ] [ SourceFile: 54F5C36C00BE.pas.ms.script Source: 54F5C3C70126 ] [ SourceFile: 54F5C45E00B2.pas.ms.script Source: 54F5C4B203BD ] ]
[ Target: 495259490229 ]
[ [ SourceFile: 54F58741022C.pas.ms.script Source: 54F5881101AC ] ]
[ Target: 5028E84F00EE ]
[ [ SourceFile: 54F58741022C.pas.ms.script Source: 54F5D17A03B9 ] ]
[ Target: 51F24E890269 ]
[ [ SourceFile: 54F58741022C.pas.ms.script Source: 552D23C300F1 ] ]
[ Target: 4F69BC9C014A ]
[ [ SourceFile: 54F58741022C.pas.ms.script Source: 552E3DE40071 ] ]
[ Target: 4F69EF8C027C ]
[ [ SourceFile: 54F5915202B8.pas.ms.script Source: 54F591820236 ] ]
[ Target: 552406830331 ]
[ [ SourceFile: 552CF42C0230.pas.ms.script Source: 552BD71503BD ] ]
[ Target: 552BF69B039B ]
[ [ SourceFile: 552D07E00278.pas.ms.script Source: 552CF9C50052 ] ]
[ Target: 559D51430285 ]
[ [ SourceFile: 559F81FE0232.pas.ms.script Source: 559F828102D8 ] ]
[ Target: 5538940C00DD ]
[ [ SourceFile: 55AE409701EA.pas.ms.script Source: 55AE40B600B7 ] ]
[ Target: 545C51CB0171 ]
[ [ SourceFile: 55AE409701EA.pas.ms.script Source: 55C874550184 ] ]
[ Target: 55B9FFCB020F ]
[ [ SourceFile: 55B75D820337.pas.ms.script Source: 55B75D980276 ] ]
[ Target: 4F8D61A100A6 ]
[ [ SourceFile: 55C8CD14003A.pas.ms.script Source: 55C8CD3401D2 ] ]
[ Target: 4F683ACF03C5 ]
[ [ SourceFile: 55C8CD14003A.pas.ms.script Source: 55C8CD820269 ] ]
[ Target: 4DFB50A6024F ]
[ [ SourceFile: 55C8CD14003A.pas.ms.script Source: 55C8CD9D0010 ] ]
[ Target: 4F22A92D007F ]
[ [ SourceFile: 55C8CD14003A.pas.ms.script Source: 55C8CDB30208 ] ]
[ Target: 4F5760C202E6 ]
[ [ SourceFile: 55C8CD14003A.pas.ms.script Source: 55C8CDD703B3 ] ]
[ Target: 4F57640C0241 ]
[ [ SourceFile: 55C8CD14003A.pas.ms.script Source: 55C8CDFC039B ] ]
