75269	опюбши
75318	дпсцни
75377	ярюрэъ
76024	онкнфемхе
76244	ъбкърэ
76403	деърекэмнярэ
76757	9
76923	дюммши
77259	жекэ
77337	свер
78192	опюбн
78309	кхжн
78703	щрн
79965	ян
80021	оепбши
81906	нтхжхюкэмши
81939	15
81981	8
82134	дюрэ
82144	о
82673	ябъгэ
83546	гюлеярхрекэ
83892	яхкн
84223	ху
84477	дн
86065	ецн
86886	охяэлн
88111	сопюбкемхе
88178	хкх
88469	пюанрю
89093	яр
89345	яхкю
89601	7
89625	япедярбю
89923	якеднбюрэ
90317	япедярбн
92328	рн
92695	нпцюм
93372	сйюгюммши
95238	11
95319	гюйнмндюрекэярбн
95865	рюйфе
96260	пняяхъ
96970	врн
97570	2000
98831	2001
99130	сйюгюрэ
99225	рнр
99831	щрнр
102801	сярюмнбхрэ
103896	12
104272	йнрнпши
105195	лняйбю
105932	хг
106962	10
107101	нпцюмхгюжхъ
108339	6
109705	нмн
110776	нм
110801	мюярнъыее
111584	нмх
114727	5
117746	хглемемхе
118629	гюйнм
119442	цнд
121802	4
122444	онпъднй
125822	опх
127414	оеперэ
127502	яннрберярбхе
130490	опюбхрекэярбн
132791	цнясдюпярбеммши
133081	мюярнъыхи
135897	тедепюкэмши
136231	носакхйнбюрэ
138379	гю
142115	дкъ
142174	дкхрэ
142774	онярюмнбкемхе
143101	й
143595	ашрэ
144508	ю
145096	на
145165	3
165875	2
176970	рейяр
179720	ме
190203	1
200517	тедепюжхъ
208150	пняяхияйхи
210175	я
212558	мю
214142	пт
230867	он
261228	х
264774	н
313450	б
329980	N
340227	нр
343525	ц
